[0927/003309.483:INFO:CONSOLE(0)] "Error with Permissions-Policy header: Feature xr-spatial-tracking's parameters are ignored.", source:  (0)
[0927/003309.483:INFO:CONSOLE(0)] "Error with Permissions-Policy header: Origin trial controlled feature not enabled: 'attribution-reporting'.", source:  (0)
[0927/003309.483:INFO:CONSOLE(0)] "Error with Permissions-Policy header: Unrecognized feature: 'compute-pressure'.", source:  (0)
[0927/003309.483:INFO:CONSOLE(0)] "Error with Permissions-Policy header: Origin trial controlled feature not enabled: 'interest-cohort'.", source:  (0)
[0927/003309.483:INFO:CONSOLE(0)] "Error with Permissions-Policy header: Unrecognized feature: 'private-state-token-issuance'.", source:  (0)
[0927/003309.483:INFO:CONSOLE(0)] "Error with Permissions-Policy header: Origin trial controlled feature not enabled: 'shared-storage'.", source:  (0)
[0927/003309.483:INFO:CONSOLE(0)] "Error with Permissions-Policy header: Unrecognized feature: 'shared-storage-select-url'.", source:  (0)
[0927/003309.483:INFO:CONSOLE(0)] "Error with Permissions-Policy header: Unrecognized feature: 'private-state-token-redemption'.", source:  (0)
[0927/003309.483:INFO:CONSOLE(0)] "Error with Permissions-Policy header: Unrecognized feature: 'unload'.", source:  (0)
[0927/003309.483:INFO:CONSOLE(0)] "Error with Permissions-Policy header: Unrecognized feature: 'window-management'.", source:  (0)
[0927/003309.483:INFO:CONSOLE(0)] "Document-Policy HTTP header: Unrecognized document policy feature name include-js-call-stacks-in-crash-reports.", source: https://web.whatsapp.com/ (0)
[0927/003312.767:INFO:CONSOLE(115)] "Event handler of 'x-storagemutated-1' event must be added on the initial evaluation of worker script.", source: https://static.whatsapp.net/rsrc.php/v4/yW/r/HtP2JM_UFM7.js (115)
[0927/003406.635:INFO:CONSOLE(4)] "Uncaught (in promise) Error: Evaluation failed: Error: findChat: new chat not found 4483@c.us
    at new Error (<anonymous>:6:31)
    at i (https://static.whatsapp.net/rsrc.php/v4/yK/r/nm6zFCzCNrS.js:77:180)
    at Object.<anonymous> (https://static.whatsapp.net/rsrc.php/v4iKzo4/yF/l/en_GB-j/nJ-ym0q23FP.js:1386:4140)
    at Generator.next (<anonymous>)
    at h (https://static.whatsapp.net/rsrc.php/v4/yK/r/nm6zFCzCNrS.js:151:125)
    at g (https://static.whatsapp.net/rsrc.php/v4/yK/r/nm6zFCzCNrS.js:151:349)", source: https://web.whatsapp.com/ (4)
[0927/003406.653:INFO:CONSOLE(4)] "Uncaught (in promise) Error: Evaluation failed: Error: findChat: new chat not found 0795@c.us
    at new Error (<anonymous>:6:31)
    at i (https://static.whatsapp.net/rsrc.php/v4/yK/r/nm6zFCzCNrS.js:77:180)
    at Object.<anonymous> (https://static.whatsapp.net/rsrc.php/v4iKzo4/yF/l/en_GB-j/nJ-ym0q23FP.js:1386:4140)
    at Generator.next (<anonymous>)
    at h (https://static.whatsapp.net/rsrc.php/v4/yK/r/nm6zFCzCNrS.js:151:125)
    at g (https://static.whatsapp.net/rsrc.php/v4/yK/r/nm6zFCzCNrS.js:151:349)", source: https://web.whatsapp.com/ (4)
[0927/003406.666:INFO:CONSOLE(4)] "Uncaught (in promise) Error: Evaluation failed: Error: findChat: new chat not found 9738@c.us
    at new Error (<anonymous>:6:31)
    at i (https://static.whatsapp.net/rsrc.php/v4/yK/r/nm6zFCzCNrS.js:77:180)
    at Object.<anonymous> (https://static.whatsapp.net/rsrc.php/v4iKzo4/yF/l/en_GB-j/nJ-ym0q23FP.js:1386:4140)
    at Generator.next (<anonymous>)
    at h (https://static.whatsapp.net/rsrc.php/v4/yK/r/nm6zFCzCNrS.js:151:125)
    at g (https://static.whatsapp.net/rsrc.php/v4/yK/r/nm6zFCzCNrS.js:151:349)", source: https://web.whatsapp.com/ (4)
[0927/003406.744:INFO:CONSOLE(4)] "Uncaught (in promise) Error: Evaluation failed: Error: findChat: new chat not found 1600@c.us
    at new Error (<anonymous>:6:31)
    at i (https://static.whatsapp.net/rsrc.php/v4/yK/r/nm6zFCzCNrS.js:77:180)
    at Object.<anonymous> (https://static.whatsapp.net/rsrc.php/v4iKzo4/yF/l/en_GB-j/nJ-ym0q23FP.js:1386:4140)
    at Generator.next (<anonymous>)
    at h (https://static.whatsapp.net/rsrc.php/v4/yK/r/nm6zFCzCNrS.js:151:125)
    at g (https://static.whatsapp.net/rsrc.php/v4/yK/r/nm6zFCzCNrS.js:151:349)", source: https://web.whatsapp.com/ (4)
