[0928/125639.073:INFO:CONSOLE(115)] "Event handler of 'x-storagemutated-1' event must be added on the initial evaluation of worker script.", source: https://static.whatsapp.net/rsrc.php/v4/yD/r/SXAnfmlp97O.js (115)
[0928/125642.250:INFO:CONSOLE(0)] "Error with Permissions-Policy header: Feature xr-spatial-tracking's parameters are ignored.", source:  (0)
[0928/125642.250:INFO:CONSOLE(0)] "Error with Permissions-Policy header: Origin trial controlled feature not enabled: 'attribution-reporting'.", source:  (0)
[0928/125642.250:INFO:CONSOLE(0)] "Error with Permissions-Policy header: Unrecognized feature: 'compute-pressure'.", source:  (0)
[0928/125642.250:INFO:CONSOLE(0)] "Error with Permissions-Policy header: Origin trial controlled feature not enabled: 'interest-cohort'.", source:  (0)
[0928/125642.250:INFO:CONSOLE(0)] "Error with Permissions-Policy header: Unrecognized feature: 'private-state-token-issuance'.", source:  (0)
[0928/125642.250:INFO:CONSOLE(0)] "Error with Permissions-Policy header: Origin trial controlled feature not enabled: 'shared-storage'.", source:  (0)
[0928/125642.250:INFO:CONSOLE(0)] "Error with Permissions-Policy header: Unrecognized feature: 'shared-storage-select-url'.", source:  (0)
[0928/125642.250:INFO:CONSOLE(0)] "Error with Permissions-Policy header: Unrecognized feature: 'private-state-token-redemption'.", source:  (0)
[0928/125642.250:INFO:CONSOLE(0)] "Error with Permissions-Policy header: Unrecognized feature: 'unload'.", source:  (0)
[0928/125642.250:INFO:CONSOLE(0)] "Error with Permissions-Policy header: Unrecognized feature: 'window-management'.", source:  (0)
[0928/125642.250:INFO:CONSOLE(0)] "Document-Policy HTTP header: Unrecognized document policy feature name include-js-call-stacks-in-crash-reports.", source: https://web.whatsapp.com/ (0)
[0928/125644.203:INFO:CONSOLE(115)] "Event handler of 'x-storagemutated-1' event must be added on the initial evaluation of worker script.", source: https://static.whatsapp.net/rsrc.php/v4/yD/r/SXAnfmlp97O.js (115)
[0928/132147.025:INFO:CONSOLE(115)] "Event handler of 'x-storagemutated-1' event must be added on the initial evaluation of worker script.", source: https://static.whatsapp.net/rsrc.php/v4/yD/r/SXAnfmlp97O.js (115)
[0928/132239.616:INFO:CONSOLE(6)] "Uncaught (in promise) Error: MsgKey error: me is undefined. Running tests? Call setupGlobalsForTests first.", source:  (6)
[0928/132239.857:INFO:CONSOLE(115)] "Event handler of 'x-storagemutated-1' event must be added on the initial evaluation of worker script.", source: https://static.whatsapp.net/rsrc.php/v4/yD/r/SXAnfmlp97O.js (115)
[0928/132243.359:INFO:CONSOLE(151)] "Uncaught (in promise) Error: [comms] castStanza called before startComms", source: https://static.whatsapp.net/rsrc.php/v4/yK/r/nm6zFCzCNrS.js (151)
[0928/132243.407:INFO:CONSOLE(151)] "Uncaught (in promise) #<b>", source: https://static.whatsapp.net/rsrc.php/v4/yK/r/nm6zFCzCNrS.js (151)
[0928/132243.407:INFO:CONSOLE(123)] "Uncaught (in promise) #<b>", source: https://static.whatsapp.net/rsrc.php/v4/yK/r/5iQUVjNTyGl.js (123)
[0928/132244.348:INFO:CONSOLE(0)] "Error with Permissions-Policy header: Feature xr-spatial-tracking's parameters are ignored.", source:  (0)
[0928/132244.348:INFO:CONSOLE(0)] "Error with Permissions-Policy header: Origin trial controlled feature not enabled: 'attribution-reporting'.", source:  (0)
[0928/132244.348:INFO:CONSOLE(0)] "Error with Permissions-Policy header: Unrecognized feature: 'compute-pressure'.", source:  (0)
[0928/132244.348:INFO:CONSOLE(0)] "Error with Permissions-Policy header: Origin trial controlled feature not enabled: 'interest-cohort'.", source:  (0)
[0928/132244.364:INFO:CONSOLE(0)] "Error with Permissions-Policy header: Unrecognized feature: 'private-state-token-issuance'.", source:  (0)
[0928/132244.364:INFO:CONSOLE(0)] "Error with Permissions-Policy header: Origin trial controlled feature not enabled: 'shared-storage'.", source:  (0)
[0928/132244.364:INFO:CONSOLE(0)] "Error with Permissions-Policy header: Unrecognized feature: 'shared-storage-select-url'.", source:  (0)
[0928/132244.364:INFO:CONSOLE(0)] "Error with Permissions-Policy header: Unrecognized feature: 'private-state-token-redemption'.", source:  (0)
[0928/132244.364:INFO:CONSOLE(0)] "Error with Permissions-Policy header: Unrecognized feature: 'unload'.", source:  (0)
[0928/132244.364:INFO:CONSOLE(0)] "Error with Permissions-Policy header: Unrecognized feature: 'window-management'.", source:  (0)
[0928/132244.364:INFO:CONSOLE(0)] "Document-Policy HTTP header: Unrecognized document policy feature name include-js-call-stacks-in-crash-reports.", source: https://web.whatsapp.com/ (0)
[0928/132245.162:ERROR:entry_impl.cc(1072)] No file for 8000006a
[0928/132245.162:ERROR:entry_impl.cc(1072)] No file for 8000006d
[0928/132245.162:ERROR:entry_impl.cc(1072)] No file for 80000068
[0928/132245.162:ERROR:entry_impl.cc(1072)] No file for 8000006b
[0928/132245.162:ERROR:entry_impl.cc(1072)] No file for 80000069
[0928/132245.178:ERROR:entry_impl.cc(1072)] No file for 8000000b
[0928/132245.178:ERROR:entry_impl.cc(1072)] No file for 8000006c
[0928/132245.401:ERROR:entry_impl.cc(1072)] No file for 8000000c
